=== E5 short-lived sweep 08:03:30 ===
>>> error_ratio=0.05 08:03:30
6 7 10 11 14 15 18 19 
args Namespace(culprit_typ=0, mem=100.0, algo='dleft', error_ratio=0.05, test=2, mem_num=0, window=0.1, err_flow_ratio=0.25, flow_group_typ='path', flow_group_num=0, heavy_change=0, test_ns=0, n_flows=50000, epoch=10.0, all_time=40, outcsv='/data/jjc/AnoMon/AnoMon2024/supplement_exp/results/E5_shortlived.csv', tag='shortlived_er0.05')
# 0
poi: [11 12 18 11]
nor: [0.53357415 0.22328613 0.89455639 0.52687449]
-------culprit_time-------
 {0: 1, np.int64(11): np.int64(12), np.int64(23): np.int64(24), np.int64(41): np.int64(42)}
N_switches 20
hosts--- {32, 33, 34, 35, 20, 21, 22, 23, 24, 25, 26, 27, 28, 29, 30, 31}
-------fg_map------- dict_keys([0, 1, 2, 3, 4, 5, 6, 7, 8, 9, 10, 11, 12, 13, 14, 15, 16, 17, 18, 19, 20, 21, 22, 23, 24, 25, 26, 27, 28, 29, 30, 31, 32, 33, 34, 35, 36, 37, 38, 39, 40, 41, 42, 43, 44, 45, 46, 47])
------cul flow ----
 {10, 2, 34, 44}
------cul switch ----
 {10: [3], 34: [1], 44: [3], 2: [2]}
-------culprit_cnt-------
 {10: 991, 2: 970, 34: 1054, 44: 1011}
-------culprit_fg-------
 {2, 10, 34, 44}
start running
time 1; now_time: 1 in last: -1
lala 4 [10, 44, 2, 34]
recall-- 1.0 precision-- 1.0
time 2; now_time: 2 in last: -1
lala 4 [28, 4, 1, 10]
time 3; now_time: 3 in last: -1
lala 4 [1, 5, 10, 31]
time 4; now_time: 4 in last: -1
lala 4 [5, 44, 36, 25]
time 5; now_time: 5 in last: -1
lala 4 [5, 36, 44, 10]
time 6; now_time: 6 in last: -1
lala 4 [36, 44, 10, 5]
time 7; now_time: 7 in last: -1
lala 4 [36, 10, 44, 5]
time 8; now_time: 8 in last: -1
lala 4 [44, 36, 31, 34]
time 9; now_time: 9 in last: -1
lala 4 [44, 36, 30, 31]
time 10; now_time: 10 in last: -1
lala 4 [34, 44, 36, 30]
time 11; now_time: 11 in last: -1
lala 4 [6, 34, 41, 36]
time 12; now_time: 12 in last: -1
lala 4 [18, 44, 6, 34]
recall-- 0.5 precision-- 0.5
time 13; now_time: 13 in last: -1
lala 4 [41, 30, 44, 33]
time 14; now_time: 14 in last: -1
lala 4 [30, 44, 36, 41]
time 15; now_time: 15 in last: -1
lala 4 [30, 36, 44, 25]
time 16; now_time: 16 in last: -1
lala 4 [30, 41, 36, 25]
time 17; now_time: 17 in last: -1
lala 4 [30, 44, 25, 46]
time 18; now_time: 18 in last: -1
lala 4 [30, 46, 44, 25]
time 19; now_time: 19 in last: -1
lala 4 [30, 44, 46, 25]
time 20; now_time: 20 in last: -1
lala 4 [30, 44, 37, 25]
time 21; now_time: 21 in last: -1
lala 4 [30, 44, 37, 31]
time 22; now_time: 22 in last: -1
lala 4 [30, 44, 34, 37]
time 23; now_time: 23 in last: -1
lala 4 [30, 44, 6, 37]
time 24; now_time: 24 in last: -1
lala 4 [30, 44, 37, 6]
recall-- 0.25 precision-- 0.25
time 25; now_time: 25 in last: -1
lala 4 [30, 44, 37, 10]
time 26; now_time: 26 in last: -1
lala 4 [30, 44, 37, 41]
time 27; now_time: 27 in last: -1
lala 4 [30, 37, 44, 34]
time 28; now_time: 28 in last: -1
lala 4 [30, 37, 34, 44]
time 29; now_time: 29 in last: -1
lala 4 [30, 34, 10, 2]
time 30; now_time: 30 in last: -1
lala 4 [30, 34, 2, 37]
time 31; now_time: 31 in last: -1
lala 4 [30, 34, 2, 44]
time 32; now_time: 32 in last: -1
lala 4 [30, 34, 2, 23]
time 33; now_time: 33 in last: -1
lala 4 [34, 30, 44, 2]
time 34; now_time: 34 in last: -1
lala 4 [34, 30, 44, 37]
time 35; now_time: 35 in last: -1
lala 4 [34, 30, 44, 22]
time 36; now_time: 36 in last: -1
lala 4 [34, 30, 44, 37]
time 37; now_time: 37 in last: -1
lala 4 [30, 34, 22, 10]
time 38; now_time: 38 in last: -1
lala 4 [34, 30, 10, 44]
time 39; now_time: 39 in last: -1
lala 4 [34, 30, 23, 22]
time 40; now_time: 40 in last: -1
lala 4 [34, 30, 23, 44]
RESULT_ROW: shortlived_er0.05,dleft,black,path,50000,4,100.0,10.0,40,0.25,0.1,2,0.0000,0.0000,0.0000,0.5833,0.5833,0.5833
    -> exit 0 08:26:29
>>> error_ratio=0.1 08:26:29
6 7 10 11 14 15 18 19 
args Namespace(culprit_typ=0, mem=100.0, algo='dleft', error_ratio=0.1, test=2, mem_num=0, window=0.1, err_flow_ratio=0.25, flow_group_typ='path', flow_group_num=0, heavy_change=0, test_ns=0, n_flows=50000, epoch=10.0, all_time=40, outcsv='/data/jjc/AnoMon/AnoMon2024/supplement_exp/results/E5_shortlived.csv', tag='shortlived_er0.1')
# 0
poi: [14  9  7  4]
nor: [0.28078858 1.32610247 1.4924728  0.4277968 ]
-------culprit_time-------
 {0: 1, np.int64(14): np.float64(15.326102472962273), np.int64(23): np.float64(24.49247280274548), np.int64(30): np.int64(31)}
N_switches 20
hosts--- {32, 33, 34, 35, 20, 21, 22, 23, 24, 25, 26, 27, 28, 29, 30, 31}
-------fg_map------- dict_keys([0, 1, 2, 3, 4, 5, 6, 7, 8, 9, 10, 11, 12, 13, 14, 15, 16, 17, 18, 19, 20, 21, 22, 23, 24, 25, 26, 27, 28, 29, 30, 31, 32, 33, 34, 35, 36, 37, 38, 39, 40, 41, 42, 43, 44, 45, 46, 47])
------cul flow ----
 {24, 16, 21, 46}
------cul switch ----
 {24: [2], 16: [1], 46: [1], 21: [2]}
-------culprit_cnt-------
 {24: 976, 16: 1100, 21: 1007, 46: 989}
-------culprit_fg-------
 {16, 24, 21, 46}
start running
time 1; now_time: 1 in last: -1
lala 4 [46, 16, 24, 21]
recall-- 1.0 precision-- 1.0
time 2; now_time: 2 in last: -1
lala 4 [37, 10, 23, 46]
time 3; now_time: 3 in last: -1
lala 4 [46, 44, 21, 37]
time 4; now_time: 4 in last: -1
lala 4 [46, 44, 4, 22]
time 5; now_time: 5 in last: -1
lala 4 [10, 34, 22, 37]
time 6; now_time: 6 in last: -1
lala 4 [10, 34, 22, 37]
time 7; now_time: 7 in last: -1
lala 4 [34, 10, 17, 3]
time 8; now_time: 8 in last: -1
lala 4 [37, 25, 17, 42]
time 9; now_time: 9 in last: -1
lala 4 [21, 46, 25, 42]
time 10; now_time: 10 in last: -1
lala 4 [46, 12, 6, 30]
time 11; now_time: 11 in last: -1
lala 4 [30, 12, 46, 25]
time 12; now_time: 12 in last: -1
lala 4 [30, 12, 25, 46]
time 13; now_time: 13 in last: -1
lala 4 [30, 37, 21, 12]
time 14; now_time: 14 in last: -1
lala 4 [25, 37, 30, 6]
time 15; now_time: 15 in last: -1
lala 4 [25, 38, 30, 37]
recall-- 0.0 precision-- 0.0
time 16; now_time: 16 in last: -1
lala 4 [25, 38, 37, 6]
recall-- 0.0 precision-- 0.0
time 17; now_time: 17 in last: 16
lala 4 [28, 43, 38, 23]
time 18; now_time: 18 in last: -1
lala 4 [28, 42, 12, 20]
time 19; now_time: 19 in last: -1
lala 4 [12, 42, 20, 33]
time 20; now_time: 20 in last: -1
lala 4 [4, 19, 12, 7]
time 21; now_time: 21 in last: -1
lala 4 [19, 21, 4, 12]
time 22; now_time: 22 in last: -1
lala 4 [19, 4, 11, 21]
time 23; now_time: 23 in last: -1
lala 4 [12, 19, 43, 45]
time 24; now_time: 24 in last: -1
lala 4 [31, 35, 12, 7]
recall-- 0.0 precision-- 0.0
time 25; now_time: 25 in last: -1
lala 4 [43, 31, 18, 45]
recall-- 0.0 precision-- 0.0
time 26; now_time: 26 in last: 25
lala 4 [10, 16, 25, 17]
time 27; now_time: 27 in last: -1
lala 4 [33, 10, 43, 44]
time 28; now_time: 28 in last: -1
lala 4 [10, 23, 25, 6]
time 29; now_time: 29 in last: -1
lala 4 [25, 6, 24, 47]
time 30; now_time: 30 in last: -1
lala 4 [25, 24, 47, 44]
time 31; now_time: 31 in last: -1
lala 4 [24, 25, 6, 33]
recall-- 0.25 precision-- 0.25
time 32; now_time: 32 in last: -1
lala 4 [25, 24, 6, 10]
time 33; now_time: 33 in last: -1
lala 4 [25, 24, 29, 47]
time 34; now_time: 34 in last: -1
lala 4 [25, 24, 6, 40]
time 35; now_time: 35 in last: -1
lala 4 [25, 24, 6, 5]
time 36; now_time: 36 in last: -1
lala 4 [25, 24, 13, 6]
time 37; now_time: 37 in last: -1
lala 4 [25, 13, 24, 5]
time 38; now_time: 38 in last: -1
lala 4 [25, 5, 24, 6]
time 39; now_time: 39 in last: -1
lala 4 [25, 5, 24, 6]
time 40; now_time: 40 in last: -1
lala 4 [5, 25, 6, 38]
RESULT_ROW: shortlived_er0.1,dleft,black,path,50000,4,100.0,10.0,40,0.25,0.1,2,0.0000,0.0000,0.0000,0.2083,0.2083,0.2083
    -> exit 0 08:49:22
>>> error_ratio=0.25 08:49:22
6 7 10 11 14 15 18 19 
args Namespace(culprit_typ=0, mem=100.0, algo='dleft', error_ratio=0.25, test=2, mem_num=0, window=0.1, err_flow_ratio=0.25, flow_group_typ='path', flow_group_num=0, heavy_change=0, test_ns=0, n_flows=50000, epoch=10.0, all_time=40, outcsv='/data/jjc/AnoMon/AnoMon2024/supplement_exp/results/E5_shortlived.csv', tag='shortlived_er0.25')
# 0
poi: [13  7  6 11]
nor: [2.06567626 3.3376752  2.9028394  2.57542867]
-------culprit_time-------
 {0: np.float64(2.065676261222671), np.int64(13): np.float64(16.33767520362144), np.int64(20): np.float64(22.902839400436633), np.int64(26): np.float64(28.575428667713112)}
N_switches 20
hosts--- {32, 33, 34, 35, 20, 21, 22, 23, 24, 25, 26, 27, 28, 29, 30, 31}
-------fg_map------- dict_keys([0, 1, 2, 3, 4, 5, 6, 7, 8, 9, 10, 11, 12, 13, 14, 15, 16, 17, 18, 19, 20, 21, 22, 23, 24, 25, 26, 27, 28, 29, 30, 31, 32, 33, 34, 35, 36, 37, 38, 39, 40, 41, 42, 43, 44, 45, 46, 47])
------cul flow ----
 {7, 20, 37, 15}
------cul switch ----
 {37: [0], 20: [0], 15: [2], 7: [0]}
-------culprit_cnt-------
 {7: 1070, 20: 1033, 37: 1035, 15: 996}
-------culprit_fg-------
 {37, 15, 20, 7}
start running
time 1; now_time: 1 in last: -1
lala 4 [37, 15, 20, 7]
recall-- 1.0 precision-- 1.0
time 2; now_time: 2 in last: -1
lala 4 [15, 20, 7, 37]
recall-- 1.0 precision-- 1.0
time 3; now_time: 3 in last: 2
lala 4 [7, 2, 20, 37]
recall-- 0.75 precision-- 0.75
time 4; now_time: 4 in last: 3
lala 4 [23, 19, 41, 8]
time 5; now_time: 5 in last: -1
lala 4 [1, 0, 22, 26]
time 6; now_time: 6 in last: -1
lala 4 [1, 40, 28, 0]
time 7; now_time: 7 in last: -1
lala 4 [6, 24, 23, 1]
time 8; now_time: 8 in last: -1
lala 4 [1, 6, 46, 26]
time 9; now_time: 9 in last: -1
lala 4 [6, 46, 23, 18]
time 10; now_time: 10 in last: -1
lala 4 [6, 46, 18, 45]
time 11; now_time: 11 in last: -1
lala 4 [6, 46, 21, 0]
time 12; now_time: 12 in last: -1
lala 4 [0, 46, 6, 21]
time 13; now_time: 13 in last: -1
lala 4 [0, 46, 6, 8]
time 14; now_time: 14 in last: -1
lala 4 [0, 34, 46, 6]
recall-- 0.0 precision-- 0.0
time 15; now_time: 15 in last: -1
lala 4 [34, 8, 0, 25]
recall-- 0.0 precision-- 0.0
time 16; now_time: 16 in last: 15
lala 4 [7, 20, 37, 15]
recall-- 1.0 precision-- 1.0
time 17; now_time: 17 in last: 16
lala 4 [10, 28, 8, 15]
recall-- 0.25 precision-- 0.25
time 18; now_time: 18 in last: 17
lala 4 [24, 4, 40, 37]
time 19; now_time: 19 in last: -1
lala 4 [4, 2, 1, 39]
time 20; now_time: 20 in last: -1
lala 4 [25, 4, 34, 17]
time 21; now_time: 21 in last: -1
lala 4 [34, 25, 40, 37]
recall-- 0.25 precision-- 0.25
time 22; now_time: 22 in last: -1
lala 4 [34, 37, 36, 40]
recall-- 0.25 precision-- 0.25
time 23; now_time: 23 in last: 22
lala 4 [20, 7, 15, 43]
recall-- 0.75 precision-- 0.75
time 24; now_time: 24 in last: 23
lala 4 [17, 2, 37, 40]
time 25; now_time: 25 in last: -1
lala 4 [36, 30, 16, 17]
time 26; now_time: 26 in last: -1
lala 4 [31, 39, 33, 28]
time 27; now_time: 27 in last: -1
lala 4 [25, 39, 27, 34]
recall-- 0.0 precision-- 0.0
time 28; now_time: 28 in last: -1
lala 4 [25, 27, 20, 34]
recall-- 0.25 precision-- 0.25
time 29; now_time: 29 in last: 28
lala 4 [37, 7, 15, 20]
recall-- 1.0 precision-- 1.0
time 30; now_time: 30 in last: 29
lala 4 [33, 29, 19, 9]
time 31; now_time: 31 in last: -1
lala 4 [46, 1, 32, 25]
time 32; now_time: 32 in last: -1
lala 4 [46, 1, 20, 31]
time 33; now_time: 33 in last: -1
lala 4 [20, 29, 1, 2]
time 34; now_time: 34 in last: -1
lala 4 [20, 2, 46, 29]
time 35; now_time: 35 in last: -1
lala 4 [2, 35, 0, 21]
time 36; now_time: 36 in last: -1
lala 4 [40, 35, 29, 2]
time 37; now_time: 37 in last: -1
lala 4 [33, 41, 40, 29]
time 38; now_time: 38 in last: -1
lala 4 [40, 33, 0, 41]
time 39; now_time: 39 in last: -1
lala 4 [3, 41, 0, 22]
time 40; now_time: 40 in last: -1
lala 4 [30, 41, 3, 0]
RESULT_ROW: shortlived_er0.25,dleft,black,path,50000,4,100.0,10.0,40,0.25,0.1,2,0.0000,0.0000,0.0000,0.5000,0.5000,0.5000
    -> exit 0 09:12:22
>>> error_ratio=0.5 09:12:22
6 7 10 11 14 15 18 19 
args Namespace(culprit_typ=0, mem=100.0, algo='dleft', error_ratio=0.5, test=2, mem_num=0, window=0.1, err_flow_ratio=0.25, flow_group_typ='path', flow_group_num=0, heavy_change=0, test_ns=0, n_flows=50000, epoch=10.0, all_time=40, outcsv='/data/jjc/AnoMon/AnoMon2024/supplement_exp/results/E5_shortlived.csv', tag='shortlived_er0.5')
# 0
poi: [7 9 6 8]
nor: [6.56623364 3.59621555 5.0721378  4.42308203]
-------culprit_time-------
 {0: np.float64(6.566233640790195), np.int64(7): np.float64(10.59621554859082), np.int64(16): np.float64(21.07213779580013), np.int64(22): np.float64(26.42308203073651)}
N_switches 20
hosts--- {32, 33, 34, 35, 20, 21, 22, 23, 24, 25, 26, 27, 28, 29, 30, 31}
-------fg_map------- dict_keys([0, 1, 2, 3, 4, 5, 6, 7, 8, 9, 10, 11, 12, 13, 14, 15, 16, 17, 18, 19, 20, 21, 22, 23, 24, 25, 26, 27, 28, 29, 30, 31, 32, 33, 34, 35, 36, 37, 38, 39, 40, 41, 42, 43, 44, 45, 46, 47])
------cul flow ----
 {41, 44, 33, 31}
------cul switch ----
 {44: [1], 31: [0], 41: [3], 33: [3]}
-------culprit_cnt-------
 {41: 1054, 44: 1037, 33: 1033, 31: 1021}
-------culprit_fg-------
 {33, 41, 44, 31}
start running
time 1; now_time: 1 in last: -1
lala 4 [41, 33, 47, 31]
recall-- 0.75 precision-- 0.75
time 2; now_time: 2 in last: -1
lala 4 [44, 31, 41, 33]
recall-- 1.0 precision-- 1.0
time 3; now_time: 3 in last: 2
lala 4 [31, 44, 33, 41]
recall-- 1.0 precision-- 1.0
time 4; now_time: 4 in last: 3
lala 4 [33, 41, 31, 44]
recall-- 1.0 precision-- 1.0
time 5; now_time: 5 in last: 4
lala 4 [41, 44, 31, 33]
recall-- 1.0 precision-- 1.0
time 6; now_time: 6 in last: 5
lala 4 [44, 41, 33, 31]
recall-- 1.0 precision-- 1.0
time 7; now_time: 7 in last: 6
lala 4 [41, 44, 33, 31]
recall-- 1.0 precision-- 1.0
time 8; now_time: 8 in last: 7
lala 4 [41, 31, 33, 44]
recall-- 1.0 precision-- 1.0
time 9; now_time: 9 in last: -1
lala 4 [31, 33, 41, 44]
recall-- 1.0 precision-- 1.0
time 10; now_time: 10 in last: 9
lala 4 [31, 41, 44, 33]
recall-- 1.0 precision-- 1.0
time 11; now_time: 11 in last: 10
lala 4 [44, 33, 32, 31]
recall-- 0.75 precision-- 0.75
time 12; now_time: 12 in last: 11
lala 4 [25, 14, 4, 41]
time 13; now_time: 13 in last: -1
lala 4 [4, 22, 25, 6]
time 14; now_time: 14 in last: -1
lala 4 [25, 8, 5, 4]
time 15; now_time: 15 in last: -1
lala 4 [4, 5, 21, 30]
time 16; now_time: 16 in last: -1
lala 4 [13, 12, 30, 21]
time 17; now_time: 17 in last: -1
lala 4 [30, 33, 21, 12]
recall-- 0.25 precision-- 0.25
time 18; now_time: 18 in last: -1
lala 4 [33, 30, 4, 21]
recall-- 0.25 precision-- 0.25
time 19; now_time: 19 in last: 18
lala 4 [44, 31, 41, 33]
recall-- 1.0 precision-- 1.0
time 20; now_time: 20 in last: 19
lala 4 [31, 33, 41, 44]
recall-- 1.0 precision-- 1.0
time 21; now_time: 21 in last: 20
lala 4 [44, 31, 33, 41]
recall-- 1.0 precision-- 1.0
time 22; now_time: 22 in last: 21
lala 4 [31, 44, 41, 43]
recall-- 0.75 precision-- 0.75
time 23; now_time: 23 in last: 22
lala 4 [41, 44, 31, 33]
recall-- 1.0 precision-- 1.0
time 24; now_time: 24 in last: -1
lala 4 [41, 33, 44, 31]
recall-- 1.0 precision-- 1.0
time 25; now_time: 25 in last: 24
lala 4 [33, 31, 44, 41]
recall-- 1.0 precision-- 1.0
time 26; now_time: 26 in last: 25
lala 4 [31, 44, 41, 33]
recall-- 1.0 precision-- 1.0
time 27; now_time: 27 in last: 26
lala 4 [31, 33, 23, 3]
recall-- 0.5 precision-- 0.5
time 28; now_time: 28 in last: 27
lala 4 [34, 12, 22, 6]
time 29; now_time: 29 in last: -1
lala 4 [6, 11, 9, 32]
time 30; now_time: 30 in last: -1
lala 4 [6, 34, 30, 40]
time 31; now_time: 31 in last: -1
lala 4 [6, 40, 30, 33]
time 32; now_time: 32 in last: -1
lala 4 [32, 33, 21, 11]
time 33; now_time: 33 in last: -1
lala 4 [21, 42, 37, 6]
time 34; now_time: 34 in last: -1
lala 4 [42, 6, 43, 37]
time 35; now_time: 35 in last: -1
lala 4 [42, 6, 21, 11]
time 36; now_time: 36 in last: -1
lala 4 [42, 6, 11, 21]
time 37; now_time: 37 in last: -1
lala 4 [42, 6, 11, 44]
time 38; now_time: 38 in last: -1
lala 4 [42, 35, 6, 26]
time 39; now_time: 39 in last: -1
lala 4 [42, 35, 44, 6]
time 40; now_time: 40 in last: -1
lala 4 [42, 37, 6, 44]
RESULT_ROW: shortlived_er0.5,dleft,black,path,50000,4,100.0,10.0,40,0.25,0.1,2,0.0000,0.0000,0.0000,0.8750,0.8750,0.8750
    -> exit 0 09:34:24
>>> error_ratio=1.0 09:34:24
6 7 10 11 14 15 18 19 
args Namespace(culprit_typ=0, mem=100.0, algo='dleft', error_ratio=1.0, test=2, mem_num=0, window=0.1, err_flow_ratio=0.25, flow_group_typ='path', flow_group_num=0, heavy_change=0, test_ns=0, n_flows=50000, epoch=10.0, all_time=40, outcsv='/data/jjc/AnoMon/AnoMon2024/supplement_exp/results/E5_shortlived.csv', tag='shortlived_er1.0')
# 0
poi: [14  8  9 12]
nor: [-0.26615378 14.34291526  5.3963278   8.83844068]
-------culprit_time-------
 {0: 1, np.int64(14): np.float64(28.342915257523142), np.int64(22): np.float64(27.39632780214756), np.int64(31): np.float64(39.83844068194711)}
N_switches 20
hosts--- {32, 33, 34, 35, 20, 21, 22, 23, 24, 25, 26, 27, 28, 29, 30, 31}
-------fg_map------- dict_keys([0, 1, 2, 3, 4, 5, 6, 7, 8, 9, 10, 11, 12, 13, 14, 15, 16, 17, 18, 19, 20, 21, 22, 23, 24, 25, 26, 27, 28, 29, 30, 31, 32, 33, 34, 35, 36, 37, 38, 39, 40, 41, 42, 43, 44, 45, 46, 47])
------cul flow ----
 {0, 33, 19, 12}
------cul switch ----
 {12: [2], 0: [3], 19: [2], 33: [3]}
-------culprit_cnt-------
 {0: 1092, 33: 1086, 19: 1028, 12: 1022}
-------culprit_fg-------
 {0, 33, 19, 12}
start running
time 1; now_time: 1 in last: -1
lala 4 [19, 12, 0, 33]
recall-- 1.0 precision-- 1.0
time 2; now_time: 2 in last: -1
lala 4 [0, 33, 19, 18]
time 3; now_time: 3 in last: -1
lala 4 [33, 19, 28, 25]
time 4; now_time: 4 in last: -1
lala 4 [20, 21, 19, 25]
time 5; now_time: 5 in last: -1
lala 4 [29, 28, 17, 40]
time 6; now_time: 6 in last: -1
lala 4 [29, 20, 40, 10]
time 7; now_time: 7 in last: -1
lala 4 [29, 40, 38, 20]
time 8; now_time: 8 in last: -1
lala 4 [20, 18, 46, 10]
time 9; now_time: 9 in last: -1
lala 4 [46, 15, 20, 23]
time 10; now_time: 10 in last: -1
lala 4 [20, 23, 46, 2]
time 11; now_time: 11 in last: -1
lala 4 [23, 2, 20, 46]
time 12; now_time: 12 in last: -1
lala 4 [2, 23, 20, 22]
time 13; now_time: 13 in last: -1
lala 4 [23, 2, 22, 20]
time 14; now_time: 14 in last: -1
lala 4 [23, 22, 39, 2]
time 15; now_time: 15 in last: -1
lala 4 [22, 23, 39, 6]
recall-- 0.0 precision-- 0.0
time 16; now_time: 16 in last: -1
lala 4 [22, 23, 2, 8]
recall-- 0.0 precision-- 0.0
time 17; now_time: 17 in last: 16
lala 4 [12, 19, 33, 0]
recall-- 1.0 precision-- 1.0
time 18; now_time: 18 in last: 17
lala 4 [0, 19, 12, 33]
recall-- 1.0 precision-- 1.0
time 19; now_time: 19 in last: 18
lala 4 [0, 19, 33, 18]
recall-- 0.75 precision-- 0.75
time 20; now_time: 20 in last: 19
lala 4 [33, 0, 12, 19]
recall-- 1.0 precision-- 1.0
time 21; now_time: 21 in last: 20
lala 4 [19, 0, 33, 21]
recall-- 0.75 precision-- 0.75
time 22; now_time: 22 in last: 21
lala 4 [33, 0, 12, 19]
recall-- 1.0 precision-- 1.0
time 23; now_time: 23 in last: 22
lala 4 [19, 33, 0, 2]
recall-- 0.75 precision-- 0.75
time 24; now_time: 24 in last: 23
lala 4 [19, 33, 0, 12]
recall-- 1.0 precision-- 1.0
time 25; now_time: 25 in last: 24
lala 4 [12, 0, 19, 36]
recall-- 0.75 precision-- 0.75
time 26; now_time: 26 in last: 25
lala 4 [19, 33, 0, 12]
recall-- 1.0 precision-- 1.0
time 27; now_time: 27 in last: 26
lala 4 [0, 33, 12, 19]
recall-- 1.0 precision-- 1.0
time 28; now_time: 28 in last: 27
lala 4 [0, 12, 33, 19]
recall-- 1.0 precision-- 1.0
time 29; now_time: 29 in last: 28
lala 4 [0, 15, 3, 12]
recall-- 0.5 precision-- 0.5
time 30; now_time: 30 in last: 29
lala 4 [34, 0, 10, 19]
time 31; now_time: 31 in last: -1
lala 4 [27, 34, 0, 25]
time 32; now_time: 32 in last: -1
lala 4 [19, 0, 25, 27]
recall-- 0.5 precision-- 0.5
time 33; now_time: 33 in last: -1
lala 4 [0, 19, 27, 3]
recall-- 0.5 precision-- 0.5
time 34; now_time: 34 in last: 33
lala 4 [12, 33, 19, 0]
recall-- 1.0 precision-- 1.0
time 35; now_time: 35 in last: 34
lala 4 [19, 33, 12, 0]
recall-- 1.0 precision-- 1.0
time 36; now_time: 36 in last: 35
lala 4 [0, 33, 19, 12]
recall-- 1.0 precision-- 1.0
time 37; now_time: 37 in last: 36
lala 4 [33, 0, 19, 12]
recall-- 1.0 precision-- 1.0
time 38; now_time: 38 in last: 37
lala 4 [33, 12, 0, 19]
recall-- 1.0 precision-- 1.0
time 39; now_time: 39 in last: 38
lala 4 [33, 0, 12, 8]
recall-- 0.75 precision-- 0.75
time 40; now_time: 40 in last: 39
lala 4 [33, 12, 19, 0]
recall-- 1.0 precision-- 1.0
RESULT_ROW: shortlived_er1.0,dleft,black,path,50000,4,100.0,10.0,40,0.25,0.1,2,0.0000,0.0000,0.0000,0.8100,0.8100,0.8100
    -> exit 0 09:56:40
=== E5 done 09:56:40 ===
